<?xml version="1.0" encoding="UTF-8"?>
<testng-results ignored="0" total="0" passed="0" failed="0" skipped="0">
  <reporter-output>
  </reporter-output>
  <suite started-at="2020-11-11T04:45:57 NZDT" name="Surefire suite" finished-at="2020-11-11T04:46:18 NZDT" duration-ms="21203">
    <groups>
    </groups>
    <test started-at="2020-11-11T04:45:57 NZDT" name="Surefire test" finished-at="2020-11-11T04:46:18 NZDT" duration-ms="21203">
    </test> <!-- Surefire test -->
  </suite> <!-- Surefire suite -->
</testng-results>
